-------------------------------------------------------------------------------
Test set: com.adactin.testrunner.Test_Runner
-------------------------------------------------------------------------------
Tests run: 1, Failures: 0, Errors: 1, Skipped: 0, Time elapsed: 0.043 s <<< FAILURE! - in com.adactin.testrunner.Test_Runner
com.adactin.testrunner.Test_Runner.initializationError  Time elapsed: 0.015 s  <<< ERROR!
java.lang.TypeNotPresentException: Type cucumber.api.junit.Cucumber not present
Caused by: java.lang.ClassNotFoundException: cucumber.api.junit.Cucumber

